[2021-08-25 21:20:58.445] [info] Starting up...
[2021-08-25 21:20:58.450] [info] {
  "node": "14.16.0",
  "v8": "8.9.255.25-electron.0",
  "uv": "1.40.0",
  "zlib": "1.2.11",
  "brotli": "1.0.9",
  "ares": "1.16.1",
  "modules": "87",
  "nghttp2": "1.41.0",
  "napi": "7",
  "llhttp": "2.1.3",
  "openssl": "1.1.1",
  "icu": "68.1",
  "unicode": "13.0",
  "electron": "12.0.5",
  "chrome": "89.0.4389.128"
}
[2021-08-25 21:21:00.207] [info] Doing initial update check
[2021-08-25 21:21:00.208] [info] Checking for update
[2021-08-25 21:21:00.751] [info] Generated new staging user ID: 7187fb80-13cc-5c0c-81cc-f223b7e6e1a4
[2021-08-25 21:21:01.484] [info] quit via all-closed
[2021-08-25 21:21:01.485] [info] App will quit
[2021-08-25 21:21:01.523] [info] quit via mainWindow closed
[2021-08-25 21:21:15.142] [info] Starting up...
[2021-08-25 21:21:15.153] [info] {
  "node": "14.16.0",
  "v8": "8.9.255.25-electron.0",
  "uv": "1.40.0",
  "zlib": "1.2.11",
  "brotli": "1.0.9",
  "ares": "1.16.1",
  "modules": "87",
  "nghttp2": "1.41.0",
  "napi": "7",
  "llhttp": "2.1.3",
  "openssl": "1.1.1",
  "icu": "68.1",
  "unicode": "13.0",
  "electron": "12.0.5",
  "chrome": "89.0.4389.128"
}
[2021-08-25 21:21:17.180] [info] Doing initial update check
[2021-08-25 21:21:17.193] [info] Checking for update
[2021-08-25 21:21:19.501] [info] Update for version 1.60.2 is not available (latest version: 1.60.2, downgrade is disallowed).
[2021-08-25 21:21:19.501] [info] update-not-available
[2021-08-25 21:21:19.896] [info] App will quit
[2021-08-25 21:21:19.918] [info] quit via mainWindow closed
[2021-08-25 21:21:28.428] [info] Starting up...
[2021-08-25 21:21:28.439] [info] {
  "node": "14.16.0",
  "v8": "8.9.255.25-electron.0",
  "uv": "1.40.0",
  "zlib": "1.2.11",
  "brotli": "1.0.9",
  "ares": "1.16.1",
  "modules": "87",
  "nghttp2": "1.41.0",
  "napi": "7",
  "llhttp": "2.1.3",
  "openssl": "1.1.1",
  "icu": "68.1",
  "unicode": "13.0",
  "electron": "12.0.5",
  "chrome": "89.0.4389.128"
}
[2021-08-25 21:21:30.486] [info] Doing initial update check
[2021-08-25 21:21:30.487] [info] Checking for update
[2021-08-25 21:21:33.066] [info] Update for version 1.60.2 is not available (latest version: 1.60.2, downgrade is disallowed).
[2021-08-25 21:21:33.067] [info] update-not-available
[2021-08-25 21:21:50.956] [info] Registering Control+Alt+A => QuickAdd
[2021-08-25 21:22:03.232] [info] Writing backup to AmazingMarvinBackup_2021-08-25-21-22.json.lzma
[2021-08-25 21:22:03.233] [info] Full backup path: /home/lightbulb/AmazingMarvinBackups/AmazingMarvinBackup_2021-08-25-21-22.json.lzma
[2021-08-25 21:22:03.242] [info] Backup successfully written to file
[2021-08-25 21:25:02.804] [info] Writing backup to AmazingMarvinBackup_2021-08-25-21-25.json.lzma
[2021-08-25 21:25:02.902] [info] Full backup path: /home/lightbulb/AmazingMarvinBackups/AmazingMarvinBackup_2021-08-25-21-25.json.lzma
[2021-08-25 21:25:02.908] [info] Backup successfully written to file
[2021-08-25 21:25:21.497] [info] quit via all-closed
[2021-08-25 21:25:21.497] [info] App will quit
[2021-08-25 21:25:21.573] [info] quit via mainWindow closed
